<?xml version="1.0" encoding="UTF-8"?>
<coverage generated="1773710668017" clover="3.2.0">
  <project timestamp="1773710668017" name="All files">
    <metrics statements="41" coveredstatements="41" conditionals="8" coveredconditionals="5" methods="7" coveredmethods="7" elements="56" coveredelements="53" complexity="0" loc="41" ncloc="41" packages="1" files="3" classes="3"/>
    <file name="auth.js" path="C:\Users\rubit\OneDrive\Documents\GitHub\JWKS-Sever\auth.js">
      <metrics statements="18" coveredstatements="18" conditionals="6" coveredconditionals="4" methods="2" coveredmethods="2"/>
      <line num="1" count="1" type="stmt"/>
      <line num="2" count="1" type="stmt"/>
      <line num="3" count="1" type="stmt"/>
      <line num="4" count="1" type="stmt"/>
      <line num="6" count="1" type="stmt"/>
      <line num="8" count="1" type="stmt"/>
      <line num="9" count="2" type="stmt"/>
      <line num="10" count="2" type="stmt"/>
      <line num="12" count="2" type="cond" truecount="2" falsecount="0"/>
      <line num="16" count="2" type="stmt"/>
      <line num="17" count="2" type="cond" truecount="1" falsecount="1"/>
      <line num="18" count="2" type="cond" truecount="1" falsecount="1"/>
      <line num="20" count="2" type="stmt"/>
      <line num="21" count="2" type="stmt"/>
      <line num="24" count="2" type="stmt"/>
      <line num="31" count="2" type="stmt"/>
      <line num="41" count="2" type="stmt"/>
      <line num="45" count="1" type="stmt"/>
    </file>
    <file name="db.js" path="C:\Users\rubit\OneDrive\Documents\GitHub\JWKS-Sever\db.js">
      <metrics statements="7" coveredstatements="7" conditionals="0" coveredconditionals="0" methods="1" coveredmethods="1"/>
      <line num="1" count="2" type="stmt"/>
      <line num="2" count="2" type="stmt"/>
      <line num="4" count="2" type="stmt"/>
      <line num="6" count="2" type="stmt"/>
      <line num="8" count="2" type="stmt"/>
      <line num="9" count="2" type="stmt"/>
      <line num="18" count="2" type="stmt"/>
    </file>
    <file name="jwks.js" path="C:\Users\rubit\OneDrive\Documents\GitHub\JWKS-Sever\jwks.js">
      <metrics statements="16" coveredstatements="16" conditionals="2" coveredconditionals="1" methods="4" coveredmethods="4"/>
      <line num="1" count="1" type="stmt"/>
      <line num="2" count="1" type="stmt"/>
      <line num="3" count="1" type="stmt"/>
      <line num="5" count="1" type="stmt"/>
      <line num="8" count="2" type="stmt"/>
      <line num="9" count="2" type="stmt"/>
      <line num="10" count="2" type="stmt"/>
      <line num="12" count="2" type="stmt"/>
      <line num="22" count="1" type="stmt"/>
      <line num="23" count="1" type="stmt"/>
      <line num="25" count="1" type="stmt"/>
      <line num="26" count="1" type="cond" truecount="1" falsecount="1"/>
      <line num="28" count="1" type="stmt"/>
      <line num="29" count="2" type="stmt"/>
      <line num="32" count="1" type="stmt"/>
      <line num="36" count="1" type="stmt"/>
    </file>
  </project>
</coverage>
