<?xml version="1.0" encoding="UTF-8"?>
<coverage generated="1776750068030" clover="3.2.0">
  <project timestamp="1776750068030" name="All files">
    <metrics statements="116" coveredstatements="88" conditionals="18" coveredconditionals="10" methods="23" coveredmethods="19" elements="157" coveredelements="117" complexity="0" loc="116" ncloc="116" packages="1" files="6" classes="6"/>
    <file name="auth.js" path="C:\Users\rubit\OneDrive\Documents\GitHub\JWKS-Sever\auth.js">
      <metrics statements="31" coveredstatements="21" conditionals="6" coveredconditionals="5" methods="2" coveredmethods="2"/>
      <line num="1" count="1" type="stmt"/>
      <line num="2" count="1" type="stmt"/>
      <line num="3" count="1" type="stmt"/>
      <line num="4" count="1" type="stmt"/>
      <line num="5" count="1" type="stmt"/>
      <line num="7" count="1" type="stmt"/>
      <line num="9" count="1" type="stmt"/>
      <line num="10" count="2" type="stmt"/>
      <line num="11" count="2" type="stmt"/>
      <line num="12" count="2" type="stmt"/>
      <line num="14" count="2" type="cond" truecount="2" falsecount="0"/>
      <line num="18" count="2" type="stmt"/>
      <line num="19" count="2" type="cond" truecount="3" falsecount="1"/>
      <line num="20" count="0" type="stmt"/>
      <line num="21" count="0" type="stmt"/>
      <line num="26" count="2" type="stmt"/>
      <line num="27" count="2" type="stmt"/>
      <line num="29" count="0" type="stmt"/>
      <line num="30" count="0" type="stmt"/>
      <line num="34" count="2" type="stmt"/>
      <line num="35" count="2" type="stmt"/>
      <line num="41" count="0" type="stmt"/>
      <line num="42" count="0" type="stmt"/>
      <line num="47" count="2" type="stmt"/>
      <line num="48" count="2" type="stmt"/>
      <line num="58" count="0" type="stmt"/>
      <line num="59" count="0" type="stmt"/>
      <line num="62" count="2" type="stmt"/>
      <line num="65" count="0" type="stmt"/>
      <line num="66" count="0" type="stmt"/>
      <line num="70" count="1" type="stmt"/>
    </file>
    <file name="cryptoUtil.js" path="C:\Users\rubit\OneDrive\Documents\GitHub\JWKS-Sever\cryptoUtil.js">
      <metrics statements="18" coveredstatements="18" conditionals="0" coveredconditionals="0" methods="3" coveredmethods="3"/>
      <line num="1" count="2" type="stmt"/>
      <line num="3" count="2" type="stmt"/>
      <line num="6" count="9" type="stmt"/>
      <line num="7" count="9" type="stmt"/>
      <line num="11" count="2" type="stmt"/>
      <line num="12" count="2" type="stmt"/>
      <line num="13" count="2" type="stmt"/>
      <line num="15" count="2" type="stmt"/>
      <line num="16" count="2" type="stmt"/>
      <line num="18" count="2" type="stmt"/>
      <line num="25" count="7" type="stmt"/>
      <line num="26" count="7" type="stmt"/>
      <line num="27" count="7" type="stmt"/>
      <line num="29" count="7" type="stmt"/>
      <line num="30" count="7" type="stmt"/>
      <line num="32" count="7" type="stmt"/>
      <line num="33" count="7" type="stmt"/>
      <line num="36" count="2" type="stmt"/>
    </file>
    <file name="db.js" path="C:\Users\rubit\OneDrive\Documents\GitHub\JWKS-Sever\db.js">
      <metrics statements="9" coveredstatements="9" conditionals="0" coveredconditionals="0" methods="1" coveredmethods="1"/>
      <line num="1" count="2" type="stmt"/>
      <line num="2" count="2" type="stmt"/>
      <line num="4" count="2" type="stmt"/>
      <line num="6" count="2" type="stmt"/>
      <line num="8" count="2" type="stmt"/>
      <line num="9" count="2" type="stmt"/>
      <line num="18" count="2" type="stmt"/>
      <line num="29" count="2" type="stmt"/>
      <line num="40" count="2" type="stmt"/>
    </file>
    <file name="jwks.js" path="C:\Users\rubit\OneDrive\Documents\GitHub\JWKS-Sever\jwks.js">
      <metrics statements="16" coveredstatements="14" conditionals="2" coveredconditionals="1" methods="4" coveredmethods="4"/>
      <line num="1" count="1" type="stmt"/>
      <line num="2" count="1" type="stmt"/>
      <line num="3" count="1" type="stmt"/>
      <line num="5" count="1" type="stmt"/>
      <line num="7" count="1" type="stmt"/>
      <line num="8" count="1" type="stmt"/>
      <line num="9" count="1" type="cond" truecount="1" falsecount="1"/>
      <line num="10" count="0" type="stmt"/>
      <line num="11" count="0" type="stmt"/>
      <line num="14" count="1" type="stmt"/>
      <line num="16" count="1" type="stmt"/>
      <line num="17" count="10" type="stmt"/>
      <line num="19" count="5" type="stmt"/>
      <line num="20" count="5" type="stmt"/>
      <line num="29" count="1" type="stmt"/>
      <line num="33" count="1" type="stmt"/>
    </file>
    <file name="keystore.js" path="C:\Users\rubit\OneDrive\Documents\GitHub\JWKS-Sever\keystore.js">
      <metrics statements="24" coveredstatements="8" conditionals="6" coveredconditionals="2" methods="7" coveredmethods="3"/>
      <line num="1" count="1" type="stmt"/>
      <line num="2" count="1" type="stmt"/>
      <line num="3" count="1" type="stmt"/>
      <line num="6" count="0" type="stmt"/>
      <line num="10" count="0" type="stmt"/>
      <line num="15" count="0" type="stmt"/>
      <line num="17" count="0" type="stmt"/>
      <line num="21" count="0" type="stmt"/>
      <line num="23" count="0" type="stmt"/>
      <line num="24" count="0" type="stmt"/>
      <line num="28" count="0" type="cond" truecount="0" falsecount="2"/>
      <line num="29" count="0" type="stmt"/>
      <line num="36" count="1" type="stmt"/>
      <line num="37" count="1" type="stmt"/>
      <line num="38" count="1" type="cond" truecount="1" falsecount="1"/>
      <line num="39" count="1" type="cond" truecount="1" falsecount="1"/>
      <line num="41" count="0" type="stmt"/>
      <line num="42" count="0" type="stmt"/>
      <line num="44" count="0" type="stmt"/>
      <line num="45" count="0" type="stmt"/>
      <line num="46" count="0" type="stmt"/>
      <line num="47" count="0" type="stmt"/>
      <line num="49" count="0" type="stmt"/>
      <line num="55" count="1" type="stmt"/>
    </file>
    <file name="seedKeys.js" path="C:\Users\rubit\OneDrive\Documents\GitHub\JWKS-Sever\seedKeys.js">
      <metrics statements="18" coveredstatements="18" conditionals="4" coveredconditionals="2" methods="6" coveredmethods="6"/>
      <line num="1" count="1" type="stmt"/>
      <line num="2" count="1" type="stmt"/>
      <line num="3" count="1" type="stmt"/>
      <line num="6" count="2" type="stmt"/>
      <line num="10" count="2" type="stmt"/>
      <line num="17" count="1" type="stmt"/>
      <line num="20" count="1" type="stmt"/>
      <line num="21" count="1" type="stmt"/>
      <line num="24" count="1" type="stmt"/>
      <line num="25" count="1" type="stmt"/>
      <line num="27" count="1" type="stmt"/>
      <line num="30" count="1" type="cond" truecount="1" falsecount="1"/>
      <line num="35" count="1" type="stmt"/>
      <line num="36" count="1" type="stmt"/>
      <line num="38" count="1" type="stmt"/>
      <line num="41" count="1" type="cond" truecount="1" falsecount="1"/>
      <line num="45" count="1" type="stmt"/>
      <line num="48" count="1" type="stmt"/>
    </file>
  </project>
</coverage>
