{"C:\\Users\\rubit\\OneDrive\\Documents\\GitHub\\JWKS-Sever\\auth.js": {"path":"C:\\Users\\rubit\\OneDrive\\Documents\\GitHub\\JWKS-Sever\\auth.js","statementMap":{"0":{"start":{"line":1,"column":30},"end":{"line":1,"column":53}},"1":{"start":{"line":2,"column":16},"end":{"line":2,"column":34}},"2":{"start":{"line":3,"column":12},"end":{"line":3,"column":35}},"3":{"start":{"line":4,"column":11},"end":{"line":4,"column":26}},"4":{"start":{"line":5,"column":15},"end":{"line":5,"column":32}},"5":{"start":{"line":7,"column":15},"end":{"line":7,"column":31}},"6":{"start":{"line":9,"column":0},"end":{"line":68,"column":3}},"7":{"start":{"line":10,"column":2},"end":{"line":67,"column":3}},"8":{"start":{"line":11,"column":24},"end":{"line":11,"column":46}},"9":{"start":{"line":12,"column":16},"end":{"line":12,"column":45}},"10":{"start":{"line":14,"column":16},"end":{"line":16,"column":83}},"11":{"start":{"line":18,"column":4},"end":{"line":63,"column":7}},"12":{"start":{"line":19,"column":6},"end":{"line":22,"column":7}},"13":{"start":{"line":20,"column":8},"end":{"line":20,"column":64}},"14":{"start":{"line":21,"column":8},"end":{"line":21,"column":70}},"15":{"start":{"line":26,"column":6},"end":{"line":31,"column":7}},"16":{"start":{"line":27,"column":8},"end":{"line":27,"column":49}},"17":{"start":{"line":29,"column":8},"end":{"line":29,"column":56}},"18":{"start":{"line":30,"column":8},"end":{"line":30,"column":71}},"19":{"start":{"line":34,"column":6},"end":{"line":43,"column":7}},"20":{"start":{"line":35,"column":8},"end":{"line":39,"column":11}},"21":{"start":{"line":41,"column":8},"end":{"line":41,"column":65}},"22":{"start":{"line":42,"column":8},"end":{"line":42,"column":77}},"23":{"start":{"line":47,"column":6},"end":{"line":60,"column":7}},"24":{"start":{"line":48,"column":8},"end":{"line":56,"column":10}},"25":{"start":{"line":58,"column":8},"end":{"line":58,"column":57}},"26":{"start":{"line":59,"column":8},"end":{"line":59,"column":68}},"27":{"start":{"line":62,"column":6},"end":{"line":62,"column":22}},"28":{"start":{"line":65,"column":4},"end":{"line":65,"column":46}},"29":{"start":{"line":66,"column":4},"end":{"line":66,"column":61}},"30":{"start":{"line":70,"column":0},"end":{"line":70,"column":24}}},"fnMap":{"0":{"name":"(anonymous_0)","decl":{"start":{"line":9,"column":21},"end":{"line":9,"column":22}},"loc":{"start":{"line":9,"column":35},"end":{"line":68,"column":1}},"line":9},"1":{"name":"(anonymous_1)","decl":{"start":{"line":18,"column":23},"end":{"line":18,"column":24}},"loc":{"start":{"line":18,"column":37},"end":{"line":63,"column":5}},"line":18}},"branchMap":{"0":{"loc":{"start":{"line":14,"column":16},"end":{"line":16,"column":83}},"type":"cond-expr","locations":[{"start":{"line":15,"column":8},"end":{"line":15,"column":85}},{"start":{"line":16,"column":8},"end":{"line":16,"column":83}}],"line":14},"1":{"loc":{"start":{"line":19,"column":6},"end":{"line":22,"column":7}},"type":"if","locations":[{"start":{"line":19,"column":6},"end":{"line":22,"column":7}},{"start":{},"end":{}}],"line":19},"2":{"loc":{"start":{"line":19,"column":10},"end":{"line":19,"column":21}},"type":"binary-expr","locations":[{"start":{"line":19,"column":10},"end":{"line":19,"column":13}},{"start":{"line":19,"column":17},"end":{"line":19,"column":21}}],"line":19}},"s":{"0":1,"1":1,"2":1,"3":1,"4":1,"5":1,"6":1,"7":2,"8":2,"9":2,"10":2,"11":2,"12":2,"13":0,"14":0,"15":2,"16":2,"17":0,"18":0,"19":2,"20":2,"21":0,"22":0,"23":2,"24":2,"25":0,"26":0,"27":2,"28":0,"29":0,"30":1},"f":{"0":2,"1":2},"b":{"0":[1,1],"1":[0,2],"2":[2,2]},"_coverageSchema":"1a1c01bbd47fc00a2c39e90264f33305004495a9","hash":"145b37e9062ec3a18280fb5af67360ec082c17c3"}
,"C:\\Users\\rubit\\OneDrive\\Documents\\GitHub\\JWKS-Sever\\cryptoUtil.js": {"path":"C:\\Users\\rubit\\OneDrive\\Documents\\GitHub\\JWKS-Sever\\cryptoUtil.js","statementMap":{"0":{"start":{"line":1,"column":15},"end":{"line":1,"column":32}},"1":{"start":{"line":3,"column":13},"end":{"line":3,"column":26}},"2":{"start":{"line":6,"column":17},"end":{"line":6,"column":39}},"3":{"start":{"line":7,"column":2},"end":{"line":7,"column":61}},"4":{"start":{"line":11,"column":14},"end":{"line":11,"column":25}},"5":{"start":{"line":12,"column":13},"end":{"line":12,"column":35}},"6":{"start":{"line":13,"column":17},"end":{"line":13,"column":53}},"7":{"start":{"line":15,"column":20},"end":{"line":15,"column":79}},"8":{"start":{"line":16,"column":14},"end":{"line":16,"column":33}},"9":{"start":{"line":18,"column":2},"end":{"line":21,"column":4}},"10":{"start":{"line":25,"column":14},"end":{"line":25,"column":25}},"11":{"start":{"line":26,"column":14},"end":{"line":26,"column":54}},"12":{"start":{"line":27,"column":15},"end":{"line":27,"column":58}},"13":{"start":{"line":29,"column":19},"end":{"line":29,"column":57}},"14":{"start":{"line":30,"column":2},"end":{"line":30,"column":27}},"15":{"start":{"line":32,"column":20},"end":{"line":32,"column":76}},"16":{"start":{"line":33,"column":2},"end":{"line":33,"column":36}},"17":{"start":{"line":36,"column":0},"end":{"line":36,"column":58}}},"fnMap":{"0":{"name":"getAesKey","decl":{"start":{"line":5,"column":9},"end":{"line":5,"column":18}},"loc":{"start":{"line":5,"column":21},"end":{"line":8,"column":1}},"line":5},"1":{"name":"encryptPrivateKey","decl":{"start":{"line":10,"column":9},"end":{"line":10,"column":26}},"loc":{"start":{"line":10,"column":32},"end":{"line":22,"column":1}},"line":10},"2":{"name":"decryptPrivateKey","decl":{"start":{"line":24,"column":9},"end":{"line":24,"column":26}},"loc":{"start":{"line":24,"column":43},"end":{"line":34,"column":1}},"line":24}},"branchMap":{},"s":{"0":2,"1":2,"2":9,"3":9,"4":2,"5":2,"6":2,"7":2,"8":2,"9":2,"10":7,"11":7,"12":7,"13":7,"14":7,"15":7,"16":7,"17":2},"f":{"0":9,"1":2,"2":7},"b":{},"_coverageSchema":"1a1c01bbd47fc00a2c39e90264f33305004495a9","hash":"048442cfbf6c8563d78b3e872e2db34ff23a5b54"}
,"C:\\Users\\rubit\\OneDrive\\Documents\\GitHub\\JWKS-Sever\\db.js": {"path":"C:\\Users\\rubit\\OneDrive\\Documents\\GitHub\\JWKS-Sever\\db.js","statementMap":{"0":{"start":{"line":1,"column":16},"end":{"line":1,"column":44}},"1":{"start":{"line":2,"column":13},"end":{"line":2,"column":28}},"2":{"start":{"line":4,"column":16},"end":{"line":4,"column":69}},"3":{"start":{"line":6,"column":11},"end":{"line":6,"column":40}},"4":{"start":{"line":8,"column":0},"end":{"line":38,"column":3}},"5":{"start":{"line":9,"column":2},"end":{"line":16,"column":5}},"6":{"start":{"line":18,"column":2},"end":{"line":27,"column":5}},"7":{"start":{"line":29,"column":2},"end":{"line":37,"column":5}},"8":{"start":{"line":40,"column":0},"end":{"line":40,"column":20}}},"fnMap":{"0":{"name":"(anonymous_0)","decl":{"start":{"line":8,"column":13},"end":{"line":8,"column":14}},"loc":{"start":{"line":8,"column":19},"end":{"line":38,"column":1}},"line":8}},"branchMap":{},"s":{"0":2,"1":2,"2":2,"3":2,"4":2,"5":2,"6":2,"7":2,"8":2},"f":{"0":2},"b":{},"_coverageSchema":"1a1c01bbd47fc00a2c39e90264f33305004495a9","hash":"d55bbe48bb25b833d2f04967fe14a1ac47307bae"}
,"C:\\Users\\rubit\\OneDrive\\Documents\\GitHub\\JWKS-Sever\\jwks.js": {"path":"C:\\Users\\rubit\\OneDrive\\Documents\\GitHub\\JWKS-Sever\\jwks.js","statementMap":{"0":{"start":{"line":1,"column":16},"end":{"line":1,"column":34}},"1":{"start":{"line":2,"column":11},"end":{"line":2,"column":26}},"2":{"start":{"line":3,"column":30},"end":{"line":3,"column":53}},"3":{"start":{"line":5,"column":15},"end":{"line":5,"column":31}},"4":{"start":{"line":7,"column":0},"end":{"line":31,"column":3}},"5":{"start":{"line":8,"column":2},"end":{"line":30,"column":5}},"6":{"start":{"line":9,"column":4},"end":{"line":12,"column":5}},"7":{"start":{"line":10,"column":6},"end":{"line":10,"column":47}},"8":{"start":{"line":11,"column":6},"end":{"line":11,"column":70}},"9":{"start":{"line":14,"column":16},"end":{"line":14,"column":45}},"10":{"start":{"line":16,"column":17},"end":{"line":27,"column":8}},"11":{"start":{"line":17,"column":23},"end":{"line":17,"column":36}},"12":{"start":{"line":19,"column":20},"end":{"line":19,"column":54}},"13":{"start":{"line":20,"column":8},"end":{"line":26,"column":10}},"14":{"start":{"line":29,"column":4},"end":{"line":29,"column":23}},"15":{"start":{"line":33,"column":0},"end":{"line":33,"column":24}}},"fnMap":{"0":{"name":"(anonymous_0)","decl":{"start":{"line":7,"column":20},"end":{"line":7,"column":21}},"loc":{"start":{"line":7,"column":34},"end":{"line":31,"column":1}},"line":7},"1":{"name":"(anonymous_1)","decl":{"start":{"line":8,"column":51},"end":{"line":8,"column":52}},"loc":{"start":{"line":8,"column":66},"end":{"line":30,"column":3}},"line":8},"2":{"name":"(anonymous_2)","decl":{"start":{"line":17,"column":14},"end":{"line":17,"column":15}},"loc":{"start":{"line":17,"column":23},"end":{"line":17,"column":36}},"line":17},"3":{"name":"(anonymous_3)","decl":{"start":{"line":18,"column":11},"end":{"line":18,"column":12}},"loc":{"start":{"line":18,"column":20},"end":{"line":27,"column":7}},"line":18}},"branchMap":{"0":{"loc":{"start":{"line":9,"column":4},"end":{"line":12,"column":5}},"type":"if","locations":[{"start":{"line":9,"column":4},"end":{"line":12,"column":5}},{"start":{},"end":{}}],"line":9}},"s":{"0":1,"1":1,"2":1,"3":1,"4":1,"5":1,"6":1,"7":0,"8":0,"9":1,"10":1,"11":10,"12":5,"13":5,"14":1,"15":1},"f":{"0":1,"1":1,"2":10,"3":5},"b":{"0":[0,1]},"_coverageSchema":"1a1c01bbd47fc00a2c39e90264f33305004495a9","hash":"a57b58d67d9cf211ca123f65f4384e3b5e33d665"}
,"C:\\Users\\rubit\\OneDrive\\Documents\\GitHub\\JWKS-Sever\\keystore.js": {"path":"C:\\Users\\rubit\\OneDrive\\Documents\\GitHub\\JWKS-Sever\\keystore.js","statementMap":{"0":{"start":{"line":1,"column":30},"end":{"line":1,"column":53}},"1":{"start":{"line":2,"column":15},"end":{"line":2,"column":32}},"2":{"start":{"line":3,"column":11},"end":{"line":3,"column":26}},"3":{"start":{"line":6,"column":25},"end":{"line":8,"column":4}},"4":{"start":{"line":10,"column":14},"end":{"line":13,"column":4}},"5":{"start":{"line":15,"column":14},"end":{"line":15,"column":63}},"6":{"start":{"line":17,"column":2},"end":{"line":17,"column":22}},"7":{"start":{"line":21,"column":29},"end":{"line":21,"column":51}},"8":{"start":{"line":23,"column":2},"end":{"line":32,"column":5}},"9":{"start":{"line":24,"column":4},"end":{"line":31,"column":6}},"10":{"start":{"line":28,"column":8},"end":{"line":29,"column":34}},"11":{"start":{"line":28,"column":17},"end":{"line":28,"column":29}},"12":{"start":{"line":29,"column":13},"end":{"line":29,"column":34}},"13":{"start":{"line":36,"column":2},"end":{"line":52,"column":5}},"14":{"start":{"line":37,"column":4},"end":{"line":51,"column":7}},"15":{"start":{"line":38,"column":6},"end":{"line":38,"column":34}},"16":{"start":{"line":38,"column":15},"end":{"line":38,"column":34}},"17":{"start":{"line":39,"column":6},"end":{"line":39,"column":42}},"18":{"start":{"line":39,"column":25},"end":{"line":39,"column":42}},"19":{"start":{"line":41,"column":22},"end":{"line":41,"column":47}},"20":{"start":{"line":42,"column":20},"end":{"line":42,"column":44}},"21":{"start":{"line":44,"column":6},"end":{"line":50,"column":7}},"22":{"start":{"line":45,"column":8},"end":{"line":45,"column":50}},"23":{"start":{"line":46,"column":8},"end":{"line":46,"column":46}},"24":{"start":{"line":47,"column":8},"end":{"line":47,"column":18}},"25":{"start":{"line":49,"column":8},"end":{"line":49,"column":18}},"26":{"start":{"line":55,"column":0},"end":{"line":57,"column":2}}},"fnMap":{"0":{"name":"generatePrivateKey","decl":{"start":{"line":5,"column":9},"end":{"line":5,"column":27}},"loc":{"start":{"line":5,"column":47},"end":{"line":18,"column":1}},"line":5},"1":{"name":"insertKey","decl":{"start":{"line":20,"column":9},"end":{"line":20,"column":18}},"loc":{"start":{"line":20,"column":29},"end":{"line":33,"column":1}},"line":20},"2":{"name":"(anonymous_2)","decl":{"start":{"line":23,"column":21},"end":{"line":23,"column":22}},"loc":{"start":{"line":23,"column":42},"end":{"line":32,"column":3}},"line":23},"3":{"name":"(anonymous_3)","decl":{"start":{"line":27,"column":6},"end":{"line":27,"column":7}},"loc":{"start":{"line":27,"column":21},"end":{"line":30,"column":7}},"line":27},"4":{"name":"seedKeysIfNeeded","decl":{"start":{"line":35,"column":15},"end":{"line":35,"column":31}},"loc":{"start":{"line":35,"column":34},"end":{"line":53,"column":1}},"line":35},"5":{"name":"(anonymous_5)","decl":{"start":{"line":36,"column":21},"end":{"line":36,"column":22}},"loc":{"start":{"line":36,"column":42},"end":{"line":52,"column":3}},"line":36},"6":{"name":"(anonymous_6)","decl":{"start":{"line":37,"column":53},"end":{"line":37,"column":54}},"loc":{"start":{"line":37,"column":73},"end":{"line":51,"column":5}},"line":37}},"branchMap":{"0":{"loc":{"start":{"line":28,"column":8},"end":{"line":29,"column":34}},"type":"if","locations":[{"start":{"line":28,"column":8},"end":{"line":29,"column":34}},{"start":{"line":29,"column":13},"end":{"line":29,"column":34}}],"line":28},"1":{"loc":{"start":{"line":38,"column":6},"end":{"line":38,"column":34}},"type":"if","locations":[{"start":{"line":38,"column":6},"end":{"line":38,"column":34}},{"start":{},"end":{}}],"line":38},"2":{"loc":{"start":{"line":39,"column":6},"end":{"line":39,"column":42}},"type":"if","locations":[{"start":{"line":39,"column":6},"end":{"line":39,"column":42}},{"start":{},"end":{}}],"line":39}},"s":{"0":1,"1":1,"2":1,"3":0,"4":0,"5":0,"6":0,"7":0,"8":0,"9":0,"10":0,"11":0,"12":0,"13":1,"14":1,"15":1,"16":0,"17":1,"18":1,"19":0,"20":0,"21":0,"22":0,"23":0,"24":0,"25":0,"26":1},"f":{"0":0,"1":0,"2":0,"3":0,"4":1,"5":1,"6":1},"b":{"0":[0,0],"1":[0,1],"2":[1,0]},"_coverageSchema":"1a1c01bbd47fc00a2c39e90264f33305004495a9","hash":"b27a4d8fd474349b5ab42fb1fa8c22a85cb90919"}
,"C:\\Users\\rubit\\OneDrive\\Documents\\GitHub\\JWKS-Sever\\seedKeys.js": {"path":"C:\\Users\\rubit\\OneDrive\\Documents\\GitHub\\JWKS-Sever\\seedKeys.js","statementMap":{"0":{"start":{"line":1,"column":30},"end":{"line":1,"column":53}},"1":{"start":{"line":2,"column":15},"end":{"line":2,"column":32}},"2":{"start":{"line":3,"column":11},"end":{"line":3,"column":26}},"3":{"start":{"line":6,"column":25},"end":{"line":8,"column":4}},"4":{"start":{"line":10,"column":2},"end":{"line":13,"column":5}},"5":{"start":{"line":17,"column":14},"end":{"line":17,"column":43}},"6":{"start":{"line":20,"column":24},"end":{"line":20,"column":47}},"7":{"start":{"line":21,"column":22},"end":{"line":21,"column":45}},"8":{"start":{"line":24,"column":0},"end":{"line":32,"column":3}},"9":{"start":{"line":25,"column":29},"end":{"line":25,"column":61}},"10":{"start":{"line":27,"column":2},"end":{"line":31,"column":4}},"11":{"start":{"line":30,"column":14},"end":{"line":30,"column":43}},"12":{"start":{"line":35,"column":0},"end":{"line":43,"column":3}},"13":{"start":{"line":36,"column":29},"end":{"line":36,"column":59}},"14":{"start":{"line":38,"column":2},"end":{"line":42,"column":4}},"15":{"start":{"line":41,"column":14},"end":{"line":41,"column":43}},"16":{"start":{"line":45,"column":2},"end":{"line":45,"column":66}},"17":{"start":{"line":48,"column":0},"end":{"line":48,"column":26}}},"fnMap":{"0":{"name":"generatePrivateKeyPEM","decl":{"start":{"line":5,"column":9},"end":{"line":5,"column":30}},"loc":{"start":{"line":5,"column":33},"end":{"line":14,"column":1}},"line":5},"1":{"name":"seedKeys","decl":{"start":{"line":16,"column":15},"end":{"line":16,"column":23}},"loc":{"start":{"line":16,"column":26},"end":{"line":46,"column":1}},"line":16},"2":{"name":"(anonymous_2)","decl":{"start":{"line":24,"column":18},"end":{"line":24,"column":19}},"loc":{"start":{"line":24,"column":39},"end":{"line":32,"column":1}},"line":24},"3":{"name":"(anonymous_3)","decl":{"start":{"line":30,"column":4},"end":{"line":30,"column":5}},"loc":{"start":{"line":30,"column":14},"end":{"line":30,"column":43}},"line":30},"4":{"name":"(anonymous_4)","decl":{"start":{"line":35,"column":18},"end":{"line":35,"column":19}},"loc":{"start":{"line":35,"column":39},"end":{"line":43,"column":1}},"line":35},"5":{"name":"(anonymous_5)","decl":{"start":{"line":41,"column":4},"end":{"line":41,"column":5}},"loc":{"start":{"line":41,"column":14},"end":{"line":41,"column":43}},"line":41}},"branchMap":{"0":{"loc":{"start":{"line":30,"column":14},"end":{"line":30,"column":43}},"type":"cond-expr","locations":[{"start":{"line":30,"column":20},"end":{"line":30,"column":31}},{"start":{"line":30,"column":34},"end":{"line":30,"column":43}}],"line":30},"1":{"loc":{"start":{"line":41,"column":14},"end":{"line":41,"column":43}},"type":"cond-expr","locations":[{"start":{"line":41,"column":20},"end":{"line":41,"column":31}},{"start":{"line":41,"column":34},"end":{"line":41,"column":43}}],"line":41}},"s":{"0":1,"1":1,"2":1,"3":2,"4":2,"5":1,"6":1,"7":1,"8":1,"9":1,"10":1,"11":1,"12":1,"13":1,"14":1,"15":1,"16":1,"17":1},"f":{"0":2,"1":1,"2":1,"3":1,"4":1,"5":1},"b":{"0":[0,1],"1":[0,1]},"_coverageSchema":"1a1c01bbd47fc00a2c39e90264f33305004495a9","hash":"7f6f13420e58bd05efe4393d6b11ac82f42b6a0c"}
}
