TN:
SF:auth.js
FN:8,(anonymous_0)
FN:16,(anonymous_1)
FNF:2
FNH:2
FNDA:2,(anonymous_0)
FNDA:2,(anonymous_1)
DA:1,1
DA:2,1
DA:3,1
DA:4,1
DA:6,1
DA:8,1
DA:9,2
DA:10,2
DA:12,2
DA:16,2
DA:17,2
DA:18,2
DA:20,2
DA:21,2
DA:24,2
DA:31,2
DA:41,2
DA:45,1
LF:18
LH:18
BRDA:12,0,0,1
BRDA:12,0,1,1
BRDA:17,1,0,0
BRDA:17,1,1,2
BRDA:18,2,0,0
BRDA:18,2,1,2
BRF:6
BRH:4
end_of_record
TN:
SF:db.js
FN:8,(anonymous_0)
FNF:1
FNH:1
FNDA:2,(anonymous_0)
DA:1,2
DA:2,2
DA:4,2
DA:6,2
DA:8,2
DA:9,2
DA:18,2
LF:7
LH:7
BRF:0
BRH:0
end_of_record
TN:
SF:jwks.js
FN:7,pemToJwk
FN:22,(anonymous_1)
FN:25,(anonymous_2)
FN:28,(anonymous_3)
FNF:4
FNH:4
FNDA:2,pemToJwk
FNDA:1,(anonymous_1)
FNDA:1,(anonymous_2)
FNDA:2,(anonymous_3)
DA:1,1
DA:2,1
DA:3,1
DA:5,1
DA:8,2
DA:9,2
DA:10,2
DA:12,2
DA:22,1
DA:23,1
DA:25,1
DA:26,1
DA:28,1
DA:29,2
DA:32,1
DA:36,1
LF:16
LH:16
BRDA:26,0,0,0
BRDA:26,0,1,1
BRF:2
BRH:1
end_of_record
