TN:
SF:auth.js
FN:9,(anonymous_0)
FN:18,(anonymous_1)
FNF:2
FNH:2
FNDA:2,(anonymous_0)
FNDA:2,(anonymous_1)
DA:1,1
DA:2,1
DA:3,1
DA:4,1
DA:5,1
DA:7,1
DA:9,1
DA:10,2
DA:11,2
DA:12,2
DA:14,2
DA:18,2
DA:19,2
DA:20,0
DA:21,0
DA:26,2
DA:27,2
DA:29,0
DA:30,0
DA:34,2
DA:35,2
DA:41,0
DA:42,0
DA:47,2
DA:48,2
DA:58,0
DA:59,0
DA:62,2
DA:65,0
DA:66,0
DA:70,1
LF:31
LH:21
BRDA:14,0,0,1
BRDA:14,0,1,1
BRDA:19,1,0,0
BRDA:19,1,1,2
BRDA:19,2,0,2
BRDA:19,2,1,2
BRF:6
BRH:5
end_of_record
TN:
SF:cryptoUtil.js
FN:5,getAesKey
FN:10,encryptPrivateKey
FN:24,decryptPrivateKey
FNF:3
FNH:3
FNDA:9,getAesKey
FNDA:2,encryptPrivateKey
FNDA:7,decryptPrivateKey
DA:1,2
DA:3,2
DA:6,9
DA:7,9
DA:11,2
DA:12,2
DA:13,2
DA:15,2
DA:16,2
DA:18,2
DA:25,7
DA:26,7
DA:27,7
DA:29,7
DA:30,7
DA:32,7
DA:33,7
DA:36,2
LF:18
LH:18
BRF:0
BRH:0
end_of_record
TN:
SF:db.js
FN:8,(anonymous_0)
FNF:1
FNH:1
FNDA:2,(anonymous_0)
DA:1,2
DA:2,2
DA:4,2
DA:6,2
DA:8,2
DA:9,2
DA:18,2
DA:29,2
DA:40,2
LF:9
LH:9
BRF:0
BRH:0
end_of_record
TN:
SF:jwks.js
FN:7,(anonymous_0)
FN:8,(anonymous_1)
FN:17,(anonymous_2)
FN:18,(anonymous_3)
FNF:4
FNH:4
FNDA:1,(anonymous_0)
FNDA:1,(anonymous_1)
FNDA:10,(anonymous_2)
FNDA:5,(anonymous_3)
DA:1,1
DA:2,1
DA:3,1
DA:5,1
DA:7,1
DA:8,1
DA:9,1
DA:10,0
DA:11,0
DA:14,1
DA:16,1
DA:17,10
DA:19,5
DA:20,5
DA:29,1
DA:33,1
LF:16
LH:14
BRDA:9,0,0,0
BRDA:9,0,1,1
BRF:2
BRH:1
end_of_record
TN:
SF:keystore.js
FN:5,generatePrivateKey
FN:20,insertKey
FN:23,(anonymous_2)
FN:27,(anonymous_3)
FN:35,seedKeysIfNeeded
FN:36,(anonymous_5)
FN:37,(anonymous_6)
FNF:7
FNH:3
FNDA:0,generatePrivateKey
FNDA:0,insertKey
FNDA:0,(anonymous_2)
FNDA:0,(anonymous_3)
FNDA:1,seedKeysIfNeeded
FNDA:1,(anonymous_5)
FNDA:1,(anonymous_6)
DA:1,1
DA:2,1
DA:3,1
DA:6,0
DA:10,0
DA:15,0
DA:17,0
DA:21,0
DA:23,0
DA:24,0
DA:28,0
DA:29,0
DA:36,1
DA:37,1
DA:38,1
DA:39,1
DA:41,0
DA:42,0
DA:44,0
DA:45,0
DA:46,0
DA:47,0
DA:49,0
DA:55,1
LF:24
LH:8
BRDA:28,0,0,0
BRDA:28,0,1,0
BRDA:38,1,0,0
BRDA:38,1,1,1
BRDA:39,2,0,1
BRDA:39,2,1,0
BRF:6
BRH:2
end_of_record
TN:
SF:seedKeys.js
FN:5,generatePrivateKeyPEM
FN:16,seedKeys
FN:24,(anonymous_2)
FN:30,(anonymous_3)
FN:35,(anonymous_4)
FN:41,(anonymous_5)
FNF:6
FNH:6
FNDA:2,generatePrivateKeyPEM
FNDA:1,seedKeys
FNDA:1,(anonymous_2)
FNDA:1,(anonymous_3)
FNDA:1,(anonymous_4)
FNDA:1,(anonymous_5)
DA:1,1
DA:2,1
DA:3,1
DA:6,2
DA:10,2
DA:17,1
DA:20,1
DA:21,1
DA:24,1
DA:25,1
DA:27,1
DA:30,1
DA:35,1
DA:36,1
DA:38,1
DA:41,1
DA:45,1
DA:48,1
LF:18
LH:18
BRDA:30,0,0,0
BRDA:30,0,1,1
BRDA:41,1,0,0
BRDA:41,1,1,1
BRF:4
BRH:2
end_of_record
